<?xml version="1.0" encoding="UTF-8"?>
<testng-results ignored="0" total="1" passed="1" failed="0" skipped="0">
  <reporter-output>
  </reporter-output>
  <suite started-at="2020-03-09T16:53:01 IST" name="Default suite" finished-at="2020-03-09T16:53:27 IST" duration-ms="25628">
    <groups>
    </groups>
    <test started-at="2020-03-09T16:53:01 IST" name="Default test" finished-at="2020-03-09T16:53:27 IST" duration-ms="25628">
      <class name="com.atmecs.telluride.homepage.Homepage">
        <test-method is-config="true" signature="Launch()[pri:0, instance:com.atmecs.telluride.homepage.Homepage@7f1302d6]" started-at="2020-03-09T16:53:01 IST" name="Launch" finished-at="2020-03-09T16:53:23 IST" duration-ms="21505" status="PASS">
          <reporter-output>
          </reporter-output>
        </test-method> <!-- Launch -->
        <test-method signature="homePage()[pri:0, instance:com.atmecs.telluride.homepage.Homepage@7f1302d6]" started-at="2020-03-09T16:53:23 IST" name="homePage" finished-at="2020-03-09T16:53:27 IST" duration-ms="4079" status="PASS">
          <reporter-output>
          </reporter-output>
        </test-method> <!-- homePage -->
      </class> <!-- com.atmecs.telluride.homepage.Homepage -->
    </test> <!-- Default test -->
  </suite> <!-- Default suite -->
</testng-results>
